Matplotlib created a temporary cache directory at /tmp/matplotlib-5v3yobfz because the default path (/home/jovyan/.cache/matplotlib) is not a writable directory; it is highly recommended to set the MPLCONFIGDIR environment variable to a writable directory, in particular to speed up the import of Matplotlib and to better support multiprocessing.
GPU available: True (cuda), used: True
TPU available: False, using: 0 TPU cores
IPU available: False, using: 0 IPUs
HPU available: False, using: 0 HPUs
/opt/conda/lib/python3.11/site-packages/lightning/fabric/loggers/csv_logs.py:195: UserWarning: Experiment logs directory logs/OL2/wide exists and is not empty. Previous log files in this directory will be deleted when the new ones are saved!
  rank_zero_warn(
/opt/conda/lib/python3.11/site-packages/lightning/pytorch/callbacks/model_checkpoint.py:617: UserWarning: Checkpoint directory logs/OL2/wide/checkpoints exists and is not empty.
  rank_zero_warn(f"Checkpoint directory {dirpath} exists and is not empty.")
LOCAL_RANK: 0 - CUDA_VISIBLE_DEVICES: [0]

  | Name       | Type               | Params
--------------------------------------------------
0 | module     | WideNetwork        | 129 K 
1 | model_acc  | MulticlassAccuracy | 0     
2 | model_loss | CrossEntropyLoss   | 0     
--------------------------------------------------
129 K     Trainable params
0         Non-trainable params
129 K     Total params
0.519     Total estimated model params size (MB)
/opt/conda/lib/python3.11/site-packages/lightning/pytorch/trainer/connectors/data_connector.py:442: PossibleUserWarning: The dataloader, val_dataloader, does not have many workers which may be a bottleneck. Consider increasing the value of the `num_workers` argument` (try 20 which is the number of cpus on this machine) in the `DataLoader` init to improve performance.
  rank_zero_warn(
Use GPU: True
Files already downloaded and verified
==========================================================================================
Layer (type:depth-idx)                   Output Shape              Param #
==========================================================================================
PLModel                                  [1, 10]                   --
├─WideNetwork: 1-1                       --                        84
│    └─Flatten: 2-1                      [1, 3072]                 --
│    └─Linear: 2-2                       [1, 42]                   129,066
│    └─ReLU: 2-3                         [1, 42]                   --
│    └─BatchNorm1d: 2-4                  [1, 42]                   84
│    └─Dropout: 2-5                      [1, 42]                   --
│    └─Linear: 2-6                       [1, 10]                   430
==========================================================================================
Total params: 129,664
Trainable params: 129,664
Non-trainable params: 0
Total mult-adds (Units.MEGABYTES): 0.13
==========================================================================================
Input size (MB): 0.01
Forward/backward pass size (MB): 0.00
Params size (MB): 0.52
Estimated Total Size (MB): 0.53
==========================================================================================
/opt/conda/lib/python3.11/site-packages/lightning/pytorch/trainer/connectors/data_connector.py:442: PossibleUserWarning: The dataloader, train_dataloader, does not have many workers which may be a bottleneck. Consider increasing the value of the `num_workers` argument` (try 20 which is the number of cpus on this machine) in the `DataLoader` init to improve performance.
  rank_zero_warn(
`Trainer.fit` stopped: `max_epochs=50` reached.

Processing Time: 108.466651 seconds

Validation accuracy: 0.41350001 0.42300001 0.42980000 0.44310001 0.44830000 0.45060000 0.45240000 0.45890000 0.45510000 0.46550000 0.45429999 0.46570000 0.46560001 0.46840000 0.47099999 0.46779999 0.47160000 0.46919999 0.47009999 0.47090000 0.47000000 0.46950001 0.47340000 0.47200000 0.47580001 0.47510001 0.47860000 0.47209999 0.47610000 0.47290000 0.47499999 0.47380000 0.47420001 0.47960001 0.47260001 0.47290000 0.47589999 0.47729999 0.47650000 0.48040000 0.47780001 0.48140001 0.47770000 0.47760001 0.47110000 0.47929999 0.47880000 0.47560000 0.47580001 0.47860000


